[2014-05-20 23:19:44] INFO  WEBrick 1.3.1
[2014-05-20 23:19:44] INFO  ruby 2.0.0 (2013-11-22) [x86_64-linux]
[2014-05-20 23:19:44] INFO  WEBrick::HTTPServer#start: pid=31462 port=3000
WARNING:  OGC WKT expected, EWKT provided - use GeomFromEWKT() for this
unknown OID: geom(25480) (SELECT  "neighborhoods".* FROM "neighborhoods"  WHERE (
      ST_Contains(
        geom, ST_GeomFromText('SRID=4326;POINT(-87.687356 41.917411)')
      )
    )  ORDER BY "neighborhoods"."gid" ASC LIMIT 1)
WARNING:  OGC WKT expected, EWKT provided - use GeomFromEWKT() for this
unknown OID: geom(25480) (SELECT "neighborhoods".* FROM "neighborhoods"  WHERE (
      ST_Contains(
        geom, ST_GeomFromText('SRID=4326;POINT(-87.710724 41.918884)')
      )
    ))
unknown OID: geom(25480) (SELECT  "neighborhoods".* FROM "neighborhoods"  WHERE "neighborhoods"."gid" = $1 LIMIT 1)
WARNING:  OGC WKT expected, EWKT provided - use GeomFromEWKT() for this
WARNING:  OGC WKT expected, EWKT provided - use GeomFromEWKT() for this
WARNING:  OGC WKT expected, EWKT provided - use GeomFromEWKT() for this
WARNING:  OGC WKT expected, EWKT provided - use GeomFromEWKT() for this
WARNING:  OGC WKT expected, EWKT provided - use GeomFromEWKT() for this
WARNING:  OGC WKT expected, EWKT provided - use GeomFromEWKT() for this
WARNING:  OGC WKT expected, EWKT provided - use GeomFromEWKT() for this
WARNING:  OGC WKT expected, EWKT provided - use GeomFromEWKT() for this
WARNING:  OGC WKT expected, EWKT provided - use GeomFromEWKT() for this
WARNING:  OGC WKT expected, EWKT provided - use GeomFromEWKT() for this
WARNING:  OGC WKT expected, EWKT provided - use GeomFromEWKT() for this
WARNING:  OGC WKT expected, EWKT provided - use GeomFromEWKT() for this
WARNING:  OGC WKT expected, EWKT provided - use GeomFromEWKT() for this
WARNING:  OGC WKT expected, EWKT provided - use GeomFromEWKT() for this
WARNING:  OGC WKT expected, EWKT provided - use GeomFromEWKT() for this
WARNING:  OGC WKT expected, EWKT provided - use GeomFromEWKT() for this
WARNING:  OGC WKT expected, EWKT provided - use GeomFromEWKT() for this
WARNING:  OGC WKT expected, EWKT provided - use GeomFromEWKT() for this
WARNING:  OGC WKT expected, EWKT provided - use GeomFromEWKT() for this
WARNING:  OGC WKT expected, EWKT provided - use GeomFromEWKT() for this
WARNING:  OGC WKT expected, EWKT provided - use GeomFromEWKT() for this
WARNING:  OGC WKT expected, EWKT provided - use GeomFromEWKT() for this
WARNING:  OGC WKT expected, EWKT provided - use GeomFromEWKT() for this
WARNING:  OGC WKT expected, EWKT provided - use GeomFromEWKT() for this
WARNING:  OGC WKT expected, EWKT provided - use GeomFromEWKT() for this
WARNING:  OGC WKT expected, EWKT provided - use GeomFromEWKT() for this
WARNING:  OGC WKT expected, EWKT provided - use GeomFromEWKT() for this
WARNING:  OGC WKT expected, EWKT provided - use GeomFromEWKT() for this
WARNING:  OGC WKT expected, EWKT provided - use GeomFromEWKT() for this
WARNING:  OGC WKT expected, EWKT provided - use GeomFromEWKT() for this
WARNING:  OGC WKT expected, EWKT provided - use GeomFromEWKT() for this
WARNING:  OGC WKT expected, EWKT provided - use GeomFromEWKT() for this
WARNING:  OGC WKT expected, EWKT provided - use GeomFromEWKT() for this
WARNING:  OGC WKT expected, EWKT provided - use GeomFromEWKT() for this
WARNING:  OGC WKT expected, EWKT provided - use GeomFromEWKT() for this
WARNING:  OGC WKT expected, EWKT provided - use GeomFromEWKT() for this
WARNING:  OGC WKT expected, EWKT provided - use GeomFromEWKT() for this
WARNING:  OGC WKT expected, EWKT provided - use GeomFromEWKT() for this
WARNING:  OGC WKT expected, EWKT provided - use GeomFromEWKT() for this
WARNING:  OGC WKT expected, EWKT provided - use GeomFromEWKT() for this
WARNING:  OGC WKT expected, EWKT provided - use GeomFromEWKT() for this
WARNING:  OGC WKT expected, EWKT provided - use GeomFromEWKT() for this
WARNING:  OGC WKT expected, EWKT provided - use GeomFromEWKT() for this
WARNING:  OGC WKT expected, EWKT provided - use GeomFromEWKT() for this
WARNING:  OGC WKT expected, EWKT provided - use GeomFromEWKT() for this
WARNING:  OGC WKT expected, EWKT provided - use GeomFromEWKT() for this
WARNING:  OGC WKT expected, EWKT provided - use GeomFromEWKT() for this
WARNING:  OGC WKT expected, EWKT provided - use GeomFromEWKT() for this
WARNING:  OGC WKT expected, EWKT provided - use GeomFromEWKT() for this
WARNING:  OGC WKT expected, EWKT provided - use GeomFromEWKT() for this
WARNING:  OGC WKT expected, EWKT provided - use GeomFromEWKT() for this
WARNING:  OGC WKT expected, EWKT provided - use GeomFromEWKT() for this
WARNING:  OGC WKT expected, EWKT provided - use GeomFromEWKT() for this
WARNING:  OGC WKT expected, EWKT provided - use GeomFromEWKT() for this
WARNING:  OGC WKT expected, EWKT provided - use GeomFromEWKT() for this
WARNING:  OGC WKT expected, EWKT provided - use GeomFromEWKT() for this
WARNING:  OGC WKT expected, EWKT provided - use GeomFromEWKT() for this
WARNING:  OGC WKT expected, EWKT provided - use GeomFromEWKT() for this
WARNING:  OGC WKT expected, EWKT provided - use GeomFromEWKT() for this
WARNING:  OGC WKT expected, EWKT provided - use GeomFromEWKT() for this
WARNING:  OGC WKT expected, EWKT provided - use GeomFromEWKT() for this
WARNING:  OGC WKT expected, EWKT provided - use GeomFromEWKT() for this
WARNING:  OGC WKT expected, EWKT provided - use GeomFromEWKT() for this
WARNING:  OGC WKT expected, EWKT provided - use GeomFromEWKT() for this
WARNING:  OGC WKT expected, EWKT provided - use GeomFromEWKT() for this
WARNING:  OGC WKT expected, EWKT provided - use GeomFromEWKT() for this
WARNING:  OGC WKT expected, EWKT provided - use GeomFromEWKT() for this
WARNING:  OGC WKT expected, EWKT provided - use GeomFromEWKT() for this
WARNING:  OGC WKT expected, EWKT provided - use GeomFromEWKT() for this
WARNING:  OGC WKT expected, EWKT provided - use GeomFromEWKT() for this
WARNING:  OGC WKT expected, EWKT provided - use GeomFromEWKT() for this
WARNING:  OGC WKT expected, EWKT provided - use GeomFromEWKT() for this
WARNING:  OGC WKT expected, EWKT provided - use GeomFromEWKT() for this
WARNING:  OGC WKT expected, EWKT provided - use GeomFromEWKT() for this
WARNING:  OGC WKT expected, EWKT provided - use GeomFromEWKT() for this
WARNING:  OGC WKT expected, EWKT provided - use GeomFromEWKT() for this
WARNING:  OGC WKT expected, EWKT provided - use GeomFromEWKT() for this
WARNING:  OGC WKT expected, EWKT provided - use GeomFromEWKT() for this
WARNING:  OGC WKT expected, EWKT provided - use GeomFromEWKT() for this
WARNING:  OGC WKT expected, EWKT provided - use GeomFromEWKT() for this
WARNING:  OGC WKT expected, EWKT provided - use GeomFromEWKT() for this
WARNING:  OGC WKT expected, EWKT provided - use GeomFromEWKT() for this
WARNING:  OGC WKT expected, EWKT provided - use GeomFromEWKT() for this
WARNING:  OGC WKT expected, EWKT provided - use GeomFromEWKT() for this
WARNING:  OGC WKT expected, EWKT provided - use GeomFromEWKT() for this
WARNING:  OGC WKT expected, EWKT provided - use GeomFromEWKT() for this
WARNING:  OGC WKT expected, EWKT provided - use GeomFromEWKT() for this
WARNING:  OGC WKT expected, EWKT provided - use GeomFromEWKT() for this
WARNING:  OGC WKT expected, EWKT provided - use GeomFromEWKT() for this
WARNING:  OGC WKT expected, EWKT provided - use GeomFromEWKT() for this
WARNING:  OGC WKT expected, EWKT provided - use GeomFromEWKT() for this
WARNING:  OGC WKT expected, EWKT provided - use GeomFromEWKT() for this
WARNING:  OGC WKT expected, EWKT provided - use GeomFromEWKT() for this
WARNING:  OGC WKT expected, EWKT provided - use GeomFromEWKT() for this
WARNING:  OGC WKT expected, EWKT provided - use GeomFromEWKT() for this
WARNING:  OGC WKT expected, EWKT provided - use GeomFromEWKT() for this
WARNING:  OGC WKT expected, EWKT provided - use GeomFromEWKT() for this
WARNING:  OGC WKT expected, EWKT provided - use GeomFromEWKT() for this
WARNING:  OGC WKT expected, EWKT provided - use GeomFromEWKT() for this
WARNING:  OGC WKT expected, EWKT provided - use GeomFromEWKT() for this
WARNING:  OGC WKT expected, EWKT provided - use GeomFromEWKT() for this
WARNING:  OGC WKT expected, EWKT provided - use GeomFromEWKT() for this
WARNING:  OGC WKT expected, EWKT provided - use GeomFromEWKT() for this
WARNING:  OGC WKT expected, EWKT provided - use GeomFromEWKT() for this
WARNING:  OGC WKT expected, EWKT provided - use GeomFromEWKT() for this
WARNING:  OGC WKT expected, EWKT provided - use GeomFromEWKT() for this
WARNING:  OGC WKT expected, EWKT provided - use GeomFromEWKT() for this
WARNING:  OGC WKT expected, EWKT provided - use GeomFromEWKT() for this
WARNING:  OGC WKT expected, EWKT provided - use GeomFromEWKT() for this
WARNING:  OGC WKT expected, EWKT provided - use GeomFromEWKT() for this
WARNING:  OGC WKT expected, EWKT provided - use GeomFromEWKT() for this
WARNING:  OGC WKT expected, EWKT provided - use GeomFromEWKT() for this
WARNING:  OGC WKT expected, EWKT provided - use GeomFromEWKT() for this
WARNING:  OGC WKT expected, EWKT provided - use GeomFromEWKT() for this
WARNING:  OGC WKT expected, EWKT provided - use GeomFromEWKT() for this
WARNING:  OGC WKT expected, EWKT provided - use GeomFromEWKT() for this
WARNING:  OGC WKT expected, EWKT provided - use GeomFromEWKT() for this
WARNING:  OGC WKT expected, EWKT provided - use GeomFromEWKT() for this
WARNING:  OGC WKT expected, EWKT provided - use GeomFromEWKT() for this
WARNING:  OGC WKT expected, EWKT provided - use GeomFromEWKT() for this
WARNING:  OGC WKT expected, EWKT provided - use GeomFromEWKT() for this
WARNING:  OGC WKT expected, EWKT provided - use GeomFromEWKT() for this
WARNING:  OGC WKT expected, EWKT provided - use GeomFromEWKT() for this
WARNING:  OGC WKT expected, EWKT provided - use GeomFromEWKT() for this
WARNING:  OGC WKT expected, EWKT provided - use GeomFromEWKT() for this
WARNING:  OGC WKT expected, EWKT provided - use GeomFromEWKT() for this
WARNING:  OGC WKT expected, EWKT provided - use GeomFromEWKT() for this
WARNING:  OGC WKT expected, EWKT provided - use GeomFromEWKT() for this
WARNING:  OGC WKT expected, EWKT provided - use GeomFromEWKT() for this
WARNING:  OGC WKT expected, EWKT provided - use GeomFromEWKT() for this
WARNING:  OGC WKT expected, EWKT provided - use GeomFromEWKT() for this
WARNING:  OGC WKT expected, EWKT provided - use GeomFromEWKT() for this
WARNING:  OGC WKT expected, EWKT provided - use GeomFromEWKT() for this
WARNING:  OGC WKT expected, EWKT provided - use GeomFromEWKT() for this
WARNING:  OGC WKT expected, EWKT provided - use GeomFromEWKT() for this
WARNING:  OGC WKT expected, EWKT provided - use GeomFromEWKT() for this
WARNING:  OGC WKT expected, EWKT provided - use GeomFromEWKT() for this
WARNING:  OGC WKT expected, EWKT provided - use GeomFromEWKT() for this
WARNING:  OGC WKT expected, EWKT provided - use GeomFromEWKT() for this
WARNING:  OGC WKT expected, EWKT provided - use GeomFromEWKT() for this
WARNING:  OGC WKT expected, EWKT provided - use GeomFromEWKT() for this
WARNING:  OGC WKT expected, EWKT provided - use GeomFromEWKT() for this
WARNING:  OGC WKT expected, EWKT provided - use GeomFromEWKT() for this
WARNING:  OGC WKT expected, EWKT provided - use GeomFromEWKT() for this
WARNING:  OGC WKT expected, EWKT provided - use GeomFromEWKT() for this
WARNING:  OGC WKT expected, EWKT provided - use GeomFromEWKT() for this
WARNING:  OGC WKT expected, EWKT provided - use GeomFromEWKT() for this
WARNING:  OGC WKT expected, EWKT provided - use GeomFromEWKT() for this
WARNING:  OGC WKT expected, EWKT provided - use GeomFromEWKT() for this
WARNING:  OGC WKT expected, EWKT provided - use GeomFromEWKT() for this
WARNING:  OGC WKT expected, EWKT provided - use GeomFromEWKT() for this
WARNING:  OGC WKT expected, EWKT provided - use GeomFromEWKT() for this
WARNING:  OGC WKT expected, EWKT provided - use GeomFromEWKT() for this
WARNING:  OGC WKT expected, EWKT provided - use GeomFromEWKT() for this
WARNING:  OGC WKT expected, EWKT provided - use GeomFromEWKT() for this
WARNING:  OGC WKT expected, EWKT provided - use GeomFromEWKT() for this
WARNING:  OGC WKT expected, EWKT provided - use GeomFromEWKT() for this
WARNING:  OGC WKT expected, EWKT provided - use GeomFromEWKT() for this
WARNING:  OGC WKT expected, EWKT provided - use GeomFromEWKT() for this
WARNING:  OGC WKT expected, EWKT provided - use GeomFromEWKT() for this
WARNING:  OGC WKT expected, EWKT provided - use GeomFromEWKT() for this
WARNING:  OGC WKT expected, EWKT provided - use GeomFromEWKT() for this
WARNING:  OGC WKT expected, EWKT provided - use GeomFromEWKT() for this
WARNING:  OGC WKT expected, EWKT provided - use GeomFromEWKT() for this
WARNING:  OGC WKT expected, EWKT provided - use GeomFromEWKT() for this
WARNING:  OGC WKT expected, EWKT provided - use GeomFromEWKT() for this
WARNING:  OGC WKT expected, EWKT provided - use GeomFromEWKT() for this
WARNING:  OGC WKT expected, EWKT provided - use GeomFromEWKT() for this
WARNING:  OGC WKT expected, EWKT provided - use GeomFromEWKT() for this
WARNING:  OGC WKT expected, EWKT provided - use GeomFromEWKT() for this
WARNING:  OGC WKT expected, EWKT provided - use GeomFromEWKT() for this
WARNING:  OGC WKT expected, EWKT provided - use GeomFromEWKT() for this
WARNING:  OGC WKT expected, EWKT provided - use GeomFromEWKT() for this
WARNING:  OGC WKT expected, EWKT provided - use GeomFromEWKT() for this
WARNING:  OGC WKT expected, EWKT provided - use GeomFromEWKT() for this
WARNING:  OGC WKT expected, EWKT provided - use GeomFromEWKT() for this
WARNING:  OGC WKT expected, EWKT provided - use GeomFromEWKT() for this
WARNING:  OGC WKT expected, EWKT provided - use GeomFromEWKT() for this
WARNING:  OGC WKT expected, EWKT provided - use GeomFromEWKT() for this
WARNING:  OGC WKT expected, EWKT provided - use GeomFromEWKT() for this
WARNING:  OGC WKT expected, EWKT provided - use GeomFromEWKT() for this
WARNING:  OGC WKT expected, EWKT provided - use GeomFromEWKT() for this
WARNING:  OGC WKT expected, EWKT provided - use GeomFromEWKT() for this
WARNING:  OGC WKT expected, EWKT provided - use GeomFromEWKT() for this
WARNING:  OGC WKT expected, EWKT provided - use GeomFromEWKT() for this
WARNING:  OGC WKT expected, EWKT provided - use GeomFromEWKT() for this
WARNING:  OGC WKT expected, EWKT provided - use GeomFromEWKT() for this
WARNING:  OGC WKT expected, EWKT provided - use GeomFromEWKT() for this
WARNING:  OGC WKT expected, EWKT provided - use GeomFromEWKT() for this
WARNING:  OGC WKT expected, EWKT provided - use GeomFromEWKT() for this
WARNING:  OGC WKT expected, EWKT provided - use GeomFromEWKT() for this
WARNING:  OGC WKT expected, EWKT provided - use GeomFromEWKT() for this
WARNING:  OGC WKT expected, EWKT provided - use GeomFromEWKT() for this
WARNING:  OGC WKT expected, EWKT provided - use GeomFromEWKT() for this
WARNING:  OGC WKT expected, EWKT provided - use GeomFromEWKT() for this
WARNING:  OGC WKT expected, EWKT provided - use GeomFromEWKT() for this
WARNING:  OGC WKT expected, EWKT provided - use GeomFromEWKT() for this
WARNING:  OGC WKT expected, EWKT provided - use GeomFromEWKT() for this
WARNING:  OGC WKT expected, EWKT provided - use GeomFromEWKT() for this
WARNING:  OGC WKT expected, EWKT provided - use GeomFromEWKT() for this
WARNING:  OGC WKT expected, EWKT provided - use GeomFromEWKT() for this
WARNING:  OGC WKT expected, EWKT provided - use GeomFromEWKT() for this
WARNING:  OGC WKT expected, EWKT provided - use GeomFromEWKT() for this
WARNING:  OGC WKT expected, EWKT provided - use GeomFromEWKT() for this
WARNING:  OGC WKT expected, EWKT provided - use GeomFromEWKT() for this
WARNING:  OGC WKT expected, EWKT provided - use GeomFromEWKT() for this
WARNING:  OGC WKT expected, EWKT provided - use GeomFromEWKT() for this
WARNING:  OGC WKT expected, EWKT provided - use GeomFromEWKT() for this
WARNING:  OGC WKT expected, EWKT provided - use GeomFromEWKT() for this
WARNING:  OGC WKT expected, EWKT provided - use GeomFromEWKT() for this
WARNING:  OGC WKT expected, EWKT provided - use GeomFromEWKT() for this
WARNING:  OGC WKT expected, EWKT provided - use GeomFromEWKT() for this
WARNING:  OGC WKT expected, EWKT provided - use GeomFromEWKT() for this
WARNING:  OGC WKT expected, EWKT provided - use GeomFromEWKT() for this
WARNING:  OGC WKT expected, EWKT provided - use GeomFromEWKT() for this
WARNING:  OGC WKT expected, EWKT provided - use GeomFromEWKT() for this
WARNING:  OGC WKT expected, EWKT provided - use GeomFromEWKT() for this
WARNING:  OGC WKT expected, EWKT provided - use GeomFromEWKT() for this
WARNING:  OGC WKT expected, EWKT provided - use GeomFromEWKT() for this
WARNING:  OGC WKT expected, EWKT provided - use GeomFromEWKT() for this
WARNING:  OGC WKT expected, EWKT provided - use GeomFromEWKT() for this
WARNING:  OGC WKT expected, EWKT provided - use GeomFromEWKT() for this
WARNING:  OGC WKT expected, EWKT provided - use GeomFromEWKT() for this
WARNING:  OGC WKT expected, EWKT provided - use GeomFromEWKT() for this
WARNING:  OGC WKT expected, EWKT provided - use GeomFromEWKT() for this
